Build started 3/26/2015 3:43:36 PM.
     1>Project "C:\GamePhysics\BlobGame\TestClass\TestClass.vcxproj" on node 2 (Build target(s)).
     1>C:\Windows\Microsoft.NET\Framework\v4.0.30319\Microsoft.Common.Targets(1422,5): warning : The referenced project '..\SolarSystem\Assignment 0.vcxproj' does not exist.
     1>InitializeBuildStatus:
         Touching "Debug\TestClass.unsuccessfulbuild".
       ClCompile:
         All outputs are up-to-date.
         C:\Program Files (x86)\Microsoft Visual Studio 11.0\VC\bin\CL.exe /c /I"C:\Program Files (x86)\Microsoft Visual Studio 11.0\VC\UnitTest\include" /ZI /nologo /W3 /WX- /Od /Oy- /D WIN32 /D _DEBUG /D _WINDLL /D _UNICODE /D UNICODE /Gm /EHsc /RTC1 /MDd /GS /fp:precise /Zc:wchar_t /Zc:forScope /Yu"stdafx.h" /Fp"Debug\TestClass.pch" /Fo"Debug\\" /Fd"Debug\vc110.pdb" /Gd /TP /analyze- /FC /errorReport:prompt unittest1.cpp
         unittest1.cpp
     1>c:\gamephysics\blobgame\testclass\unittest1.cpp(3): fatal error C1083: Cannot open include file: '../SolarSystem/Vector3.h': No such file or directory
     1>Done Building Project "C:\GamePhysics\BlobGame\TestClass\TestClass.vcxproj" (Build target(s)) -- FAILED.

Build FAILED.

Time Elapsed 00:00:00.37
